2021-09-24 14:49:01,737 - octoprint.startup - INFO - ******************************************************************************
2021-09-24 14:49:01,737 - octoprint.startup - INFO - Starting OctoPrint 1.6.1
2021-09-24 14:49:01,738 - octoprint.startup - INFO - ******************************************************************************
2021-09-24 14:49:01,790 - octoprint.util.connectivity.connectivity_checker - INFO - Connectivity state is currently: online
2021-09-24 14:49:01,790 - octoprint.util.connectivity.connectivity_checker - INFO - Connecting to 1.1.1.1:53 is working
2021-09-24 14:49:01,790 - octoprint.util.connectivity.connectivity_checker - INFO - Resolving octoprint.org is working
2021-09-24 14:49:01,800 - octoprint.plugin.core - INFO - Loading plugins from /usr/local/lib/python3.8/site-packages/octoprint/plugins, /octoprint/octoprint/plugins and installed plugin packages...
2021-09-24 14:49:01,997 - octoprint.plugin.core - INFO - Plugin Pi Support Plugin (2021.3.26.post2) did not pass check, not loading.
2021-09-24 14:49:02,045 - octoprint.plugin.core - INFO - Found 16 plugin(s) providing 16 mixin implementations, 32 hook handlers
2021-09-24 14:49:02,080 - octoprint.server.heartbeat - INFO - Starting server heartbeat, 900.0s interval
2021-09-24 14:49:02,117 - octoprint.server - INFO - Intermediary server started
2021-09-24 14:49:02,119 - octoprint.printer.profile - ERROR - Profile _default does not exist, creating _default again and setting it as default
2021-09-24 14:49:02,187 - octoprint.filemanager.storage - INFO - Initializing the file metadata for /octoprint/octoprint/uploads...
2021-09-24 14:49:02,193 - octoprint.filemanager.storage - INFO - ... file metadata for /octoprint/octoprint/uploads initialized successfully.
2021-09-24 14:49:02,197 - octoprint.server - INFO - Added new permission from plugin action_command_notification: PLUGIN_ACTION_COMMAND_NOTIFICATION_SHOW (needs: "Need(method='role', value='plugin_action_command_notification_show')")
2021-09-24 14:49:02,197 - octoprint.server - INFO - Added new permission from plugin action_command_notification: PLUGIN_ACTION_COMMAND_NOTIFICATION_CLEAR (needs: "Need(method='role', value='plugin_action_command_notification_clear')")
2021-09-24 14:49:02,197 - octoprint.server - INFO - Added new permission from plugin action_command_prompt: PLUGIN_ACTION_COMMAND_PROMPT_INTERACT (needs: "Need(method='role', value='plugin_action_command_prompt_interact')")
2021-09-24 14:49:02,197 - octoprint.server - INFO - Added new permission from plugin announcements: PLUGIN_ANNOUNCEMENTS_READ (needs: "Need(method='role', value='plugin_announcements_read')")
2021-09-24 14:49:02,197 - octoprint.server - INFO - Added new permission from plugin announcements: PLUGIN_ANNOUNCEMENTS_MANAGE (needs: "Need(method='role', value='plugin_announcements_manage'), Need(method='role', value='plugin_announcements_read')")
2021-09-24 14:49:02,197 - octoprint.server - INFO - Added new permission from plugin appkeys: PLUGIN_APPKEYS_ADMIN (needs: "Need(method='role', value='plugin_appkeys_admin')")
2021-09-24 14:49:02,197 - octoprint.server - INFO - Added new permission from plugin backup: PLUGIN_BACKUP_ACCESS (needs: "Need(method='role', value='plugin_backup_access')")
2021-09-24 14:49:02,197 - octoprint.server - INFO - Added new permission from plugin firmware_check: PLUGIN_FIRMWARE_CHECK_DISPLAY (needs: "Need(method='role', value='plugin_firmware_check_display')")
2021-09-24 14:49:02,197 - octoprint.server - INFO - Added new permission from plugin logging: PLUGIN_LOGGING_MANAGE (needs: "Need(method='role', value='plugin_logging_manage')")
2021-09-24 14:49:02,197 - octoprint.server - INFO - Added new permission from plugin pluginmanager: PLUGIN_PLUGINMANAGER_MANAGE (needs: "Need(method='role', value='plugin_pluginmanager_manage')")
2021-09-24 14:49:02,198 - octoprint.server - INFO - Added new permission from plugin pluginmanager: PLUGIN_PLUGINMANAGER_INSTALL (needs: "Need(method='role', value='plugin_pluginmanager_install'), Need(method='role', value='plugin_pluginmanager_manage')")
2021-09-24 14:49:02,198 - octoprint.server - INFO - Added new permission from plugin softwareupdate: PLUGIN_SOFTWAREUPDATE_CHECK (needs: "Need(method='role', value='plugin_softwareupdate_check')")
2021-09-24 14:49:02,198 - octoprint.server - INFO - Added new permission from plugin softwareupdate: PLUGIN_SOFTWAREUPDATE_UPDATE (needs: "Need(method='role', value='plugin_softwareupdate_update')")
2021-09-24 14:49:02,198 - octoprint.server - INFO - Added new permission from plugin softwareupdate: PLUGIN_SOFTWAREUPDATE_CONFIGURE (needs: "Need(method='role', value='plugin_softwareupdate_configure')")
2021-09-24 14:49:02,457 - octoprint.util.pip - INFO - Using "/usr/local/bin/python -m pip" as command to invoke pip
2021-09-24 14:49:02,640 - octoprint.util.pip - INFO - Version of pip is 21.1.2
2021-09-24 14:49:02,641 - octoprint.util.pip - INFO - pip installs to /usr/local/lib/python3.8/site-packages (writable -> yes), --user flag needed -> no, virtual env -> no
2021-09-24 14:49:02,641 - octoprint.util.pip - INFO - ==> pip ok -> yes
2021-09-24 14:49:02,652 - octoprint.plugin.core - INFO - Initialized 16 plugin implementation(s)
2021-09-24 14:49:02,782 - octoprint.plugin.core - INFO - 16 plugin(s) registered with the system:
|  Action Command Notification Support (bundled) = /usr/local/lib/python3.8/site-packages/octoprint/plugins/action_command_notification
|  Action Command Prompt Support (bundled) = /usr/local/lib/python3.8/site-packages/octoprint/plugins/action_command_prompt
|  Announcement Plugin (bundled) = /usr/local/lib/python3.8/site-packages/octoprint/plugins/announcements
|  Anonymous Usage Tracking (bundled) = /usr/local/lib/python3.8/site-packages/octoprint/plugins/tracking
|  Application Keys Plugin (bundled) = /usr/local/lib/python3.8/site-packages/octoprint/plugins/appkeys
|  Backup & Restore (bundled) = /usr/local/lib/python3.8/site-packages/octoprint/plugins/backup
|  Core Wizard (bundled) = /usr/local/lib/python3.8/site-packages/octoprint/plugins/corewizard
|  Discovery (bundled) = /usr/local/lib/python3.8/site-packages/octoprint/plugins/discovery
|  Error Tracking (bundled) = /usr/local/lib/python3.8/site-packages/octoprint/plugins/errortracking
|  File Check (2021.2.23) (bundled) = /usr/local/lib/python3.8/site-packages/octoprint_file_check
|  Firmware Check (2021.5.31) (bundled) = /usr/local/lib/python3.8/site-packages/octoprint_firmware_check
|  GCode Viewer (bundled) = /usr/local/lib/python3.8/site-packages/octoprint/plugins/gcodeviewer
|  Logging (bundled) = /usr/local/lib/python3.8/site-packages/octoprint/plugins/logging
|  Plugin Manager (bundled) = /usr/local/lib/python3.8/site-packages/octoprint/plugins/pluginmanager
|  Software Update (bundled) = /usr/local/lib/python3.8/site-packages/octoprint/plugins/softwareupdate
|  Virtual Printer (bundled) = /usr/local/lib/python3.8/site-packages/octoprint/plugins/virtual_printer
Prefix legend: ! = disabled, # = blacklisted, * = incompatible
2021-09-24 14:49:02,784 - octoprint.environment - INFO - Detected environment is Python 3.8.10 under Linux (linux). Details:
|  hardware:
|    cores: 16
|    freq: 0.0
|    ram: 26851282944
|  os:
|    bits: 64
|    id: linux
|    platform: linux
|  python:
|    pip: 21.1.2
|    version: 3.8.10
2021-09-24 14:49:02,789 - octoprint.server - INFO - Reset webasset folder /octoprint/octoprint/generated/webassets...
2021-09-24 14:49:02,792 - octoprint.server - INFO - Reset webasset folder /octoprint/octoprint/generated/.webassets-cache...
2021-09-24 14:49:02,906 - octoprint.server - INFO - Shutting down intermediary server...
2021-09-24 14:49:03,118 - octoprint.server - INFO - Intermediary server shut down
2021-09-24 14:49:03,119 - octoprint.events - INFO - Processing startup event, this is our first event
2021-09-24 14:49:03,119 - octoprint.events - INFO - Adding 0 events to queue that were held back before startup event
2021-09-24 14:49:03,120 - octoprint.filemanager - INFO - Adding backlog items from all storage types to analysis queue...
2021-09-24 14:49:03,122 - octoprint.server.util.watchdog - INFO - Running initial scan on watched folder...
2021-09-24 14:49:03,124 - octoprint.filemanager - INFO - Added 0 items from storage type "local" to analysis queue
2021-09-24 14:49:03,124 - octoprint.server.util.watchdog - INFO - ... initial scan done.
2021-09-24 14:49:03,927 - octoprint.plugins.discovery - INFO - Registered 'OctoPrint instance on 8610dfe5a6c9._http._tcp.local.' for _http._tcp.local.
2021-09-24 14:49:04,770 - octoprint.plugins.discovery - INFO - Registered 'OctoPrint instance on 8610dfe5a6c9._octoprint._tcp.local.' for _octoprint._tcp.local.
2021-09-24 14:49:04,770 - octoprint.plugins.discovery - INFO - Registered OctoPrint instance on 8610dfe5a6c9 for SSDP
2021-09-24 14:49:04,774 - octoprint.server - INFO - Listening on http://0.0.0.0:5000
2021-09-24 14:49:05,006 - octoprint.util.pip - INFO - Using "/usr/local/bin/python -m pip" as command to invoke pip
2021-09-24 14:49:05,007 - octoprint.util.pip - INFO - pip installs to /usr/local/lib/python3.8/site-packages (writable -> yes), --user flag needed -> no, virtual env -> no
2021-09-24 14:49:05,007 - octoprint.util.pip - INFO - ==> pip ok -> yes
2021-09-24 14:49:05,010 - octoprint.plugins.softwareupdate - INFO - Minimum free storage across all update relevant locations is 223.1GB. That is considered sufficient for updating.
2021-09-24 14:49:05,010 - octoprint.plugins.softwareupdate - INFO - Fetching check overlays from https://plugins.octoprint.org/update_check_overlay.json
2021-09-24 14:49:05,238 - octoprint.plugins.announcements - INFO - Loaded channel _important from https://octoprint.org/feeds/important.xml in 0.42s
2021-09-24 14:49:05,522 - octoprint.plugins.pluginmanager - INFO - Loaded plugin repository data from https://plugins.octoprint.org/plugins.json
2021-09-24 14:49:05,696 - octoprint.plugins.announcements - INFO - Loaded channel _releases from https://octoprint.org/feeds/releases.xml in 0.44s
2021-09-24 14:49:05,959 - octoprint.util.pip - INFO - Using "/usr/local/bin/python -m pip" as command to invoke pip
2021-09-24 14:49:05,960 - octoprint.util.pip - INFO - pip installs to /usr/local/lib/python3.8/site-packages (writable -> yes), --user flag needed -> no, virtual env -> no
2021-09-24 14:49:05,960 - octoprint.util.pip - INFO - ==> pip ok -> yes
2021-09-24 14:49:06,026 - octoprint.plugins.softwareupdate - INFO - Saved version cache to disk
2021-09-24 14:49:06,190 - octoprint.plugins.pluginmanager - INFO - Loaded plugin notices data from https://plugins.octoprint.org/notices.json
2021-09-24 14:49:06,196 - octoprint.plugins.announcements - INFO - Loaded channel _blog from https://octoprint.org/feeds/octoblog.xml in 0.43s
2021-09-24 14:49:06,642 - octoprint.plugins.announcements - INFO - Loaded channel _plugins from https://plugins.octoprint.org/feed.xml in 0.44s
2021-09-24 14:49:07,071 - octoprint.plugins.announcements - INFO - Loaded channel _octopi from https://octoprint.org/feeds/octopi.xml in 0.41s
2021-09-24 14:59:20,887 - octoprint.server.util.flask.PreemptiveCache - INFO - Adding entry for / and {'path': '/', 'base_url': 'http://localhost/', 'query_string': 'l10n=en', '_timestamp': 1632495560.8877876, '_count': 1}
2021-09-24 14:59:24,414 - octoprint.server.util.sockjs - INFO - New connection from client: 172.22.0.1
2021-09-24 14:59:41,332 - octoprint.access.users - INFO - Logged in user: admin
2021-09-24 14:59:41,332 - octoprint.server.api - INFO - Actively logging in user admin from 172.22.0.1
2021-09-24 14:59:41,907 - octoprint.server.util.sockjs - INFO - User admin logged in on the socket from client 172.22.0.1
2021-09-24 15:04:02,081 - octoprint.server.heartbeat - INFO - Server heartbeat <3
2021-09-24 15:05:19,505 - octoprint.plugins.tracking - INFO - Sent tracking event ping, payload: {'octoprint_uptime': 976, 'printer_state': 'OFFLINE'}
2021-09-24 15:05:20,245 - octoprint.plugins.tracking - INFO - Sent tracking event pong, payload: {'version': '1.6.1', 'os': 'linux', 'bits': 64, 'python': '3.8.10', 'pip': '21.1.2', 'cores': 16, 'freq': 0.0, 'ram': 26851282944, 'plugins': ''}
2021-09-24 15:05:20,985 - octoprint.plugins.tracking - INFO - Sent tracking event startup, payload: {'version': '1.6.1', 'os': 'linux', 'bits': 64, 'python': '3.8.10', 'pip': '21.1.2', 'cores': 16, 'freq': 0.0, 'ram': 26851282944}
2021-09-24 15:06:02,761 - octoprint.plugins.pluginmanager - INFO - Installing plugin from https://github.com/OctoPrint/OctoPrint-MQTT/archive/master.zip
2021-09-24 15:06:02,839 - octoprint.plugin.core - INFO - Plugin Pi Support Plugin (2021.3.26.post2) did not pass check, not loading.
2021-09-24 15:06:05,607 - octoprint.plugin.core - INFO - Plugin Pi Support Plugin (2021.3.26.post2) did not pass check, not loading.
2021-09-24 15:06:05,612 - octoprint.plugins.pluginmanager - WARNING - The plugin was installed successfully, but couldn't be found afterwards to initialize properly during runtime. Please restart OctoPrint.
2021-09-24 15:06:19,184 - octoprint.plugins.pluginmanager - INFO - Installing plugin from https://github.com/cp2004/OctoPrint-VirtualPrinterSettings/releases/latest/download/release.zip
2021-09-24 15:06:19,262 - octoprint.plugin.core - INFO - Plugin Pi Support Plugin (2021.3.26.post2) did not pass check, not loading.
2021-09-24 15:06:21,384 - octoprint.plugin.core - INFO - Plugin Pi Support Plugin (2021.3.26.post2) did not pass check, not loading.
2021-09-24 15:06:21,389 - octoprint.plugins.pluginmanager - WARNING - The plugin was installed successfully, but couldn't be found afterwards to initialize properly during runtime. Please restart OctoPrint.
2021-09-24 15:06:40,321 - octoprint.server - INFO - Shutting down...
2021-09-24 15:06:40,337 - octoprint.server - INFO - Calling on_shutdown on plugins
2021-09-24 15:06:40,337 - octoprint.events - INFO - Processing shutdown event, this will be our last event
2021-09-24 15:06:40,338 - octoprint.events - INFO - Event loop shut down
2021-09-24 15:06:41,546 - octoprint.plugins.tracking - INFO - Sent tracking event shutdown, payload: {}
2021-09-24 15:06:41,546 - octoprint.server - INFO - Goodbye!
2021-09-24 15:06:46,116 - octoprint.startup - INFO - ******************************************************************************
2021-09-24 15:06:46,117 - octoprint.startup - INFO - Starting OctoPrint 1.6.1
2021-09-24 15:06:46,117 - octoprint.startup - INFO - ******************************************************************************
2021-09-24 15:06:46,312 - octoprint.util.connectivity.connectivity_checker - INFO - Connectivity changed from offline to online
2021-09-24 15:06:46,331 - octoprint.util.connectivity.connectivity_checker - INFO - Connectivity state is currently: online
2021-09-24 15:06:46,331 - octoprint.util.connectivity.connectivity_checker - INFO - Connecting to 1.1.1.1:53 is working
2021-09-24 15:06:46,332 - octoprint.util.connectivity.connectivity_checker - INFO - Resolving octoprint.org is working
2021-09-24 15:06:46,771 - octoprint.startup - INFO - Blacklist processing done, adding 12 blacklisted plugin versions: roomtemp (any), GcodeEditor (0.1.1), GcodeEditor (0.2.0), GcodeEditor (0.2.1), GcodeEditor (0.2.2), GcodeEditor (0.2.3), GcodeEditor (0.2.4), GcodeEditor (0.2.5), GcodeEditor (0.2.6), GcodeEditor (0.2.8), gcodeleveling (0.1.0), gcodeleveling (0.1.1)
2021-09-24 15:06:46,778 - octoprint.plugin.core - INFO - Loading plugins from /usr/local/lib/python3.8/site-packages/octoprint/plugins, /octoprint/octoprint/plugins and installed plugin packages...
2021-09-24 15:06:47,134 - octoprint.plugin.core - INFO - Plugin Pi Support Plugin (2021.3.26.post2) did not pass check, not loading.
2021-09-24 15:06:47,177 - octoprint.plugin.core - INFO - Found 18 plugin(s) providing 18 mixin implementations, 34 hook handlers
2021-09-24 15:06:47,232 - octoprint.server.heartbeat - INFO - Starting server heartbeat, 900.0s interval
2021-09-24 15:06:47,240 - octoprint.server - INFO - Intermediary server started
2021-09-24 15:06:47,259 - octoprint.filemanager.storage - INFO - Initializing the file metadata for /octoprint/octoprint/uploads...
2021-09-24 15:06:47,265 - octoprint.filemanager.storage - INFO - ... file metadata for /octoprint/octoprint/uploads initialized successfully.
2021-09-24 15:06:47,268 - octoprint.server - INFO - Added new permission from plugin action_command_notification: PLUGIN_ACTION_COMMAND_NOTIFICATION_SHOW (needs: "Need(method='role', value='plugin_action_command_notification_show')")
2021-09-24 15:06:47,268 - octoprint.server - INFO - Added new permission from plugin action_command_notification: PLUGIN_ACTION_COMMAND_NOTIFICATION_CLEAR (needs: "Need(method='role', value='plugin_action_command_notification_clear')")
2021-09-24 15:06:47,268 - octoprint.server - INFO - Added new permission from plugin action_command_prompt: PLUGIN_ACTION_COMMAND_PROMPT_INTERACT (needs: "Need(method='role', value='plugin_action_command_prompt_interact')")
2021-09-24 15:06:47,268 - octoprint.server - INFO - Added new permission from plugin announcements: PLUGIN_ANNOUNCEMENTS_READ (needs: "Need(method='role', value='plugin_announcements_read')")
2021-09-24 15:06:47,268 - octoprint.server - INFO - Added new permission from plugin announcements: PLUGIN_ANNOUNCEMENTS_MANAGE (needs: "Need(method='role', value='plugin_announcements_read'), Need(method='role', value='plugin_announcements_manage')")
2021-09-24 15:06:47,269 - octoprint.server - INFO - Added new permission from plugin appkeys: PLUGIN_APPKEYS_ADMIN (needs: "Need(method='role', value='plugin_appkeys_admin')")
2021-09-24 15:06:47,269 - octoprint.server - INFO - Added new permission from plugin backup: PLUGIN_BACKUP_ACCESS (needs: "Need(method='role', value='plugin_backup_access')")
2021-09-24 15:06:47,269 - octoprint.server - INFO - Added new permission from plugin firmware_check: PLUGIN_FIRMWARE_CHECK_DISPLAY (needs: "Need(method='role', value='plugin_firmware_check_display')")
2021-09-24 15:06:47,269 - octoprint.server - INFO - Added new permission from plugin logging: PLUGIN_LOGGING_MANAGE (needs: "Need(method='role', value='plugin_logging_manage')")
2021-09-24 15:06:47,269 - octoprint.server - INFO - Added new permission from plugin pluginmanager: PLUGIN_PLUGINMANAGER_MANAGE (needs: "Need(method='role', value='plugin_pluginmanager_manage')")
2021-09-24 15:06:47,269 - octoprint.server - INFO - Added new permission from plugin pluginmanager: PLUGIN_PLUGINMANAGER_INSTALL (needs: "Need(method='role', value='plugin_pluginmanager_install'), Need(method='role', value='plugin_pluginmanager_manage')")
2021-09-24 15:06:47,269 - octoprint.server - INFO - Added new permission from plugin softwareupdate: PLUGIN_SOFTWAREUPDATE_CHECK (needs: "Need(method='role', value='plugin_softwareupdate_check')")
2021-09-24 15:06:47,269 - octoprint.server - INFO - Added new permission from plugin softwareupdate: PLUGIN_SOFTWAREUPDATE_UPDATE (needs: "Need(method='role', value='plugin_softwareupdate_update')")
2021-09-24 15:06:47,269 - octoprint.server - INFO - Added new permission from plugin softwareupdate: PLUGIN_SOFTWAREUPDATE_CONFIGURE (needs: "Need(method='role', value='plugin_softwareupdate_configure')")
2021-09-24 15:06:47,593 - octoprint.util.pip - INFO - Using "/usr/local/bin/python -m pip" as command to invoke pip
2021-09-24 15:06:47,873 - octoprint.util.pip - INFO - Version of pip is 21.1.2
2021-09-24 15:06:47,873 - octoprint.util.pip - INFO - pip installs to /usr/local/lib/python3.8/site-packages (writable -> yes), --user flag needed -> no, virtual env -> no
2021-09-24 15:06:47,873 - octoprint.util.pip - INFO - ==> pip ok -> yes
2021-09-24 15:06:47,894 - octoprint.plugins.softwareupdate - INFO - Loaded version cache from disk
2021-09-24 15:06:47,911 - octoprint.plugins.mqtt - ERROR - No broker URL defined, MQTT plugin won't be able to work
2021-09-24 15:06:47,915 - octoprint.plugin.core - INFO - Initialized 18 plugin implementation(s)
2021-09-24 15:06:47,922 - octoprint.plugin.core - INFO - 18 plugin(s) registered with the system:
|  Action Command Notification Support (bundled) = /usr/local/lib/python3.8/site-packages/octoprint/plugins/action_command_notification
|  Action Command Prompt Support (bundled) = /usr/local/lib/python3.8/site-packages/octoprint/plugins/action_command_prompt
|  Announcement Plugin (bundled) = /usr/local/lib/python3.8/site-packages/octoprint/plugins/announcements
|  Anonymous Usage Tracking (bundled) = /usr/local/lib/python3.8/site-packages/octoprint/plugins/tracking
|  Application Keys Plugin (bundled) = /usr/local/lib/python3.8/site-packages/octoprint/plugins/appkeys
|  Backup & Restore (bundled) = /usr/local/lib/python3.8/site-packages/octoprint/plugins/backup
|  Core Wizard (bundled) = /usr/local/lib/python3.8/site-packages/octoprint/plugins/corewizard
|  Discovery (bundled) = /usr/local/lib/python3.8/site-packages/octoprint/plugins/discovery
|  Error Tracking (bundled) = /usr/local/lib/python3.8/site-packages/octoprint/plugins/errortracking
|  File Check (2021.2.23) (bundled) = /usr/local/lib/python3.8/site-packages/octoprint_file_check
|  Firmware Check (2021.5.31) (bundled) = /usr/local/lib/python3.8/site-packages/octoprint_firmware_check
|  GCode Viewer (bundled) = /usr/local/lib/python3.8/site-packages/octoprint/plugins/gcodeviewer
|  Logging (bundled) = /usr/local/lib/python3.8/site-packages/octoprint/plugins/logging
|  MQTT (0.8.10) = /octoprint/plugins/lib/python3.8/site-packages/octoprint_mqtt
|  Plugin Manager (bundled) = /usr/local/lib/python3.8/site-packages/octoprint/plugins/pluginmanager
|  Software Update (bundled) = /usr/local/lib/python3.8/site-packages/octoprint/plugins/softwareupdate
|  Virtual Printer (bundled) = /usr/local/lib/python3.8/site-packages/octoprint/plugins/virtual_printer
|  Virtual Printer Settings (1.5.1) = /octoprint/plugins/lib/python3.8/site-packages/octoprint_virtual_printerconfig
Prefix legend: ! = disabled, # = blacklisted, * = incompatible
2021-09-24 15:06:47,924 - octoprint.environment - INFO - Detected environment is Python 3.8.10 under Linux (linux). Details:
|  hardware:
|    cores: 16
|    freq: 0.0
|    ram: 26851282944
|  os:
|    bits: 64
|    id: linux
|    platform: linux
|  python:
|    pip: 21.1.2
|    version: 3.8.10
2021-09-24 15:06:47,937 - octoprint.server - INFO - Reset webasset folder /octoprint/octoprint/generated/webassets...
2021-09-24 15:06:48,027 - octoprint.server - INFO - Reset webasset folder /octoprint/octoprint/generated/.webassets-cache...
2021-09-24 15:06:48,183 - octoprint.server - INFO - Shutting down intermediary server...
2021-09-24 15:06:48,242 - octoprint.server - INFO - Intermediary server shut down
2021-09-24 15:06:48,242 - octoprint.events - INFO - Processing startup event, this is our first event
2021-09-24 15:06:48,243 - octoprint.events - INFO - Adding 1 events to queue that were held back before startup event
2021-09-24 15:06:48,250 - octoprint.plugins.softwareupdate - INFO - Fetching check overlays from https://plugins.octoprint.org/update_check_overlay.json
2021-09-24 15:06:48,256 - octoprint.filemanager - INFO - Adding backlog items from all storage types to analysis queue...
2021-09-24 15:06:48,285 - octoprint.server.util.watchdog - INFO - Running initial scan on watched folder...
2021-09-24 15:06:48,288 - octoprint.filemanager - INFO - Added 0 items from storage type "local" to analysis queue
2021-09-24 15:06:48,289 - octoprint.server.util.watchdog - INFO - ... initial scan done.
2021-09-24 15:06:48,292 - octoprint.plugins.pluginmanager - INFO - Loaded plugin repository data from disk, was still valid
2021-09-24 15:06:48,545 - octoprint.plugins.pluginmanager - INFO - Loaded notice data from disk, was still valid
2021-09-24 15:06:49,116 - octoprint.plugins.discovery - INFO - Registered 'OctoPrint instance on 8610dfe5a6c9._http._tcp.local.' for _http._tcp.local.
2021-09-24 15:06:49,330 - octoprint.util.pip - INFO - Using "/usr/local/bin/python -m pip" as command to invoke pip
2021-09-24 15:06:49,330 - octoprint.util.pip - INFO - pip installs to /usr/local/lib/python3.8/site-packages (writable -> yes), --user flag needed -> no, virtual env -> no
2021-09-24 15:06:49,330 - octoprint.util.pip - INFO - ==> pip ok -> yes
2021-09-24 15:06:49,352 - octoprint.plugins.softwareupdate - INFO - Saved version cache to disk
2021-09-24 15:06:49,918 - octoprint.plugins.discovery - INFO - Registered 'OctoPrint instance on 8610dfe5a6c9._octoprint._tcp.local.' for _octoprint._tcp.local.
2021-09-24 15:06:49,919 - octoprint.plugins.discovery - INFO - Registered OctoPrint instance on 8610dfe5a6c9 for SSDP
2021-09-24 15:06:49,923 - octoprint.plugins.mqtt - WARNING - Broker URL is None, can't connect to broker
2021-09-24 15:06:49,923 - octoprint.server - INFO - Listening on http://0.0.0.0:5000
2021-09-24 15:06:49,947 - octoprint.plugins.pluginmanager - INFO - Loaded plugin repository data from disk, was still valid
2021-09-24 15:06:49,959 - octoprint.server.util.sockjs - INFO - New connection from client: 172.22.0.1
2021-09-24 15:06:49,978 - octoprint.server.util.flask - INFO - Passively logging in user admin from 172.22.0.1
2021-09-24 15:06:49,996 - octoprint.access.users - INFO - Logged in user: admin
2021-09-24 15:06:50,228 - octoprint.util.pip - INFO - Using "/usr/local/bin/python -m pip" as command to invoke pip
2021-09-24 15:06:50,229 - octoprint.util.pip - INFO - pip installs to /usr/local/lib/python3.8/site-packages (writable -> yes), --user flag needed -> no, virtual env -> no
2021-09-24 15:06:50,229 - octoprint.util.pip - INFO - ==> pip ok -> yes
2021-09-24 15:06:50,240 - octoprint.plugins.softwareupdate - INFO - Minimum free storage across all update relevant locations is 223.1GB. That is considered sufficient for updating.
2021-09-24 15:06:50,242 - octoprint.plugins.pluginmanager - INFO - Loaded notice data from disk, was still valid
2021-09-24 15:06:50,388 - octoprint.server.preemptive_cache - INFO - Preemptively caching / (ui _default) for {'base_url': 'http://localhost/', 'path': '/', 'query_string': 'l10n=en'}
2021-09-24 15:06:50,971 - octoprint.server.util.flask - INFO - Passively logging in user admin from 172.22.0.1
2021-09-24 15:06:50,971 - octoprint.access.users - INFO - Logged in user: admin
2021-09-24 15:06:50,990 - octoprint.plugins.tracking - INFO - Sent tracking event ping, payload: {'octoprint_uptime': 3, 'printer_state': 'OFFLINE'}
2021-09-24 15:06:51,764 - octoprint.plugins.tracking - INFO - Sent tracking event pong, payload: {'version': '1.6.1', 'os': 'linux', 'bits': 64, 'python': '3.8.10', 'pip': '21.1.2', 'cores': 16, 'freq': 0.0, 'ram': 26851282944, 'plugins': 'virtual_printerconfig:1.5.1,mqtt:0.8.10'}
2021-09-24 15:06:52,478 - octoprint.plugins.tracking - INFO - Sent tracking event startup, payload: {'version': '1.6.1', 'os': 'linux', 'bits': 64, 'python': '3.8.10', 'pip': '21.1.2', 'cores': 16, 'freq': 0.0, 'ram': 26851282944}
2021-09-24 15:06:54,513 - octoprint.server.preemptive_cache - INFO - ... done in 4.12s
2021-09-24 15:06:54,573 - octoprint.server.util.sockjs - INFO - User admin logged in on the socket from client 172.22.0.1
2021-09-24 15:06:54,602 - octoprint.server.util.sockjs - INFO - Client connection closed: 172.22.0.1
2021-09-24 15:06:54,945 - octoprint.server.util.sockjs - INFO - New connection from client: 172.22.0.1
2021-09-24 15:06:55,030 - octoprint.server.util.flask - INFO - Passively logging in user admin from 172.22.0.1
2021-09-24 15:06:55,030 - octoprint.access.users - INFO - Logged in user: admin
2021-09-24 15:06:55,533 - octoprint.server.util.sockjs - INFO - User admin logged in on the socket from client 172.22.0.1
2021-09-24 15:07:46,405 - octoprint.util.comm - INFO - Changing monitoring state from "Offline" to "Detecting serial connection"
2021-09-24 15:07:46,406 - octoprint.util.comm - INFO - Serial detection: Performing autodetection with 7 port/baudrate candidates: VIRTUAL@115200, VIRTUAL@250000, VIRTUAL@230400, VIRTUAL@57600, VIRTUAL@38400, VIRTUAL@19200, VIRTUAL@9600
2021-09-24 15:07:46,406 - octoprint.util.comm - INFO - Serial detection: Trying port VIRTUAL, baudrate 115200
2021-09-24 15:07:46,443 - octoprint.util.comm - INFO - Serial detection: Handshake attempt #1 with timeout 2.0s
2021-09-24 15:07:46,444 - octoprint.util.comm - INFO - M110 detected, setting current line number to 0
2021-09-24 15:07:46,445 - octoprint.util.comm - INFO - Changing monitoring state from "Detecting serial connection" to "Operational"
2021-09-24 15:07:46,449 - octoprint.util.comm - INFO - M110 detected, setting current line number to 0
2021-09-24 15:07:46,453 - octoprint.util.comm - INFO - Printer reports firmware name "Virtual Marlin 1.0"
2021-09-24 15:07:46,456 - octoprint.util.comm - INFO - Firmware states that it supports temperature autoreporting
2021-09-24 15:07:46,456 - octoprint.util.comm - INFO - Firmware states that it supports sd status autoreporting
2021-09-24 15:07:46,457 - octoprint.util.comm - INFO - Firmware states that it supports emergency GCODEs to be sent without waiting for an acknowledgement first
2021-09-24 15:07:47,182 - octoprint.plugins.tracking - INFO - Sent tracking event printer_connected, payload: {'firmware_name': 'Virtual Marlin 1.0', 'printer_port': 'VIRTUAL', 'printer_baudrate': 0}
2021-09-24 15:10:49,326 - octoprint.plugins.mqtt - INFO - Settings changed (broker_diff={'url': 'mosquitto'}, lw_diff={'lw_topic': 'octoPrint/printerNamemqtt'}), reconnecting to broker
2021-09-24 15:17:13,605 - octoprint.plugins.pluginmanager - INFO - Installing plugin from https://github.com/gillg/OctoPrint-LDAP/archive/master.zip
2021-09-24 15:17:13,775 - octoprint.plugin.core - INFO - Plugin Pi Support Plugin (2021.3.26.post2) did not pass check, not loading.
2021-09-24 15:17:23,691 - octoprint.plugins.pluginmanager - ERROR - Installing the plugin from https://github.com/gillg/OctoPrint-LDAP/archive/master.zip failed, could not parse output from pip. See plugin_pluginmanager_console.log for generated output
2021-09-24 15:19:00,506 - octoprint.plugins.pluginmanager - INFO - Installing plugin from https://github.com/jneilliii/OctoPrint-MQTTSubscribe/archive/master.zip
2021-09-24 15:19:00,689 - octoprint.plugin.core - INFO - Plugin Pi Support Plugin (2021.3.26.post2) did not pass check, not loading.
2021-09-24 15:19:05,341 - octoprint.plugin.core - INFO - Plugin Pi Support Plugin (2021.3.26.post2) did not pass check, not loading.
2021-09-24 15:19:05,367 - octoprint.plugin.core - INFO - Loading plugins from /usr/local/lib/python3.8/site-packages/octoprint/plugins, /octoprint/octoprint/plugins and installed plugin packages...
2021-09-24 15:19:05,517 - octoprint.plugin.core - INFO - Plugin Pi Support Plugin (2021.3.26.post2) did not pass check, not loading.
2021-09-24 15:19:05,519 - octoprint.plugin.core - INFO - Found 19 plugin(s) providing 18 mixin implementations, 34 hook handlers
2021-09-24 15:19:05,520 - octoprint.plugin.core - INFO - 19 plugin(s) registered with the system:
|  Action Command Notification Support (bundled) = /usr/local/lib/python3.8/site-packages/octoprint/plugins/action_command_notification
|  Action Command Prompt Support (bundled) = /usr/local/lib/python3.8/site-packages/octoprint/plugins/action_command_prompt
|  Announcement Plugin (bundled) = /usr/local/lib/python3.8/site-packages/octoprint/plugins/announcements
|  Anonymous Usage Tracking (bundled) = /usr/local/lib/python3.8/site-packages/octoprint/plugins/tracking
|  Application Keys Plugin (bundled) = /usr/local/lib/python3.8/site-packages/octoprint/plugins/appkeys
|  Backup & Restore (bundled) = /usr/local/lib/python3.8/site-packages/octoprint/plugins/backup
|  Core Wizard (bundled) = /usr/local/lib/python3.8/site-packages/octoprint/plugins/corewizard
|  Discovery (bundled) = /usr/local/lib/python3.8/site-packages/octoprint/plugins/discovery
|  Error Tracking (bundled) = /usr/local/lib/python3.8/site-packages/octoprint/plugins/errortracking
|  File Check (2021.2.23) (bundled) = /usr/local/lib/python3.8/site-packages/octoprint_file_check
|  Firmware Check (2021.5.31) (bundled) = /usr/local/lib/python3.8/site-packages/octoprint_firmware_check
|  GCode Viewer (bundled) = /usr/local/lib/python3.8/site-packages/octoprint/plugins/gcodeviewer
|  Logging (bundled) = /usr/local/lib/python3.8/site-packages/octoprint/plugins/logging
|  MQTT (0.8.10) = /octoprint/plugins/lib/python3.8/site-packages/octoprint_mqtt
| !MQTT Subscribe (0.1.6) = /octoprint/plugins/lib/python3.8/site-packages/octoprint_mqttsubscribe
|  Plugin Manager (bundled) = /usr/local/lib/python3.8/site-packages/octoprint/plugins/pluginmanager
|  Software Update (bundled) = /usr/local/lib/python3.8/site-packages/octoprint/plugins/softwareupdate
|  Virtual Printer (bundled) = /usr/local/lib/python3.8/site-packages/octoprint/plugins/virtual_printer
|  Virtual Printer Settings (1.5.1) = /octoprint/plugins/lib/python3.8/site-packages/octoprint_virtual_printerconfig
Prefix legend: ! = disabled, # = blacklisted, * = incompatible
2021-09-24 15:19:05,520 - octoprint.plugins.pluginmanager - INFO - The plugin was installed successfully: MQTT Subscribe, version 0.1.6
2021-09-24 15:19:06,259 - octoprint.plugins.tracking - INFO - Sent tracking event install_plugin, payload: {'plugin': 'mqttsubscribe', 'plugin_version': '0.1.6'}
2021-09-24 15:19:27,858 - octoprint.server - INFO - Shutting down...
2021-09-24 15:19:28,454 - octoprint.server - INFO - Calling on_shutdown on plugins
2021-09-24 15:19:28,455 - octoprint.events - INFO - Processing shutdown event, this will be our last event
2021-09-24 15:19:28,455 - octoprint.events - INFO - Event loop shut down
2021-09-24 15:19:29,678 - octoprint.plugins.tracking - INFO - Sent tracking event shutdown, payload: {}
2021-09-24 15:19:35,335 - octoprint.startup - INFO - ******************************************************************************
2021-09-24 15:19:35,335 - octoprint.startup - INFO - Starting OctoPrint 1.6.1
2021-09-24 15:19:35,336 - octoprint.startup - INFO - ******************************************************************************
2021-09-24 15:19:35,638 - octoprint.util.connectivity.connectivity_checker - INFO - Connectivity changed from offline to online
2021-09-24 15:19:35,660 - octoprint.util.connectivity.connectivity_checker - INFO - Connectivity state is currently: online
2021-09-24 15:19:35,660 - octoprint.util.connectivity.connectivity_checker - INFO - Connecting to 1.1.1.1:53 is working
2021-09-24 15:19:35,660 - octoprint.util.connectivity.connectivity_checker - INFO - Resolving octoprint.org is working
2021-09-24 15:19:35,670 - octoprint.startup - INFO - Blacklist processing done, adding 12 blacklisted plugin versions: roomtemp (any), GcodeEditor (0.1.1), GcodeEditor (0.2.0), GcodeEditor (0.2.1), GcodeEditor (0.2.2), GcodeEditor (0.2.3), GcodeEditor (0.2.4), GcodeEditor (0.2.5), GcodeEditor (0.2.6), GcodeEditor (0.2.8), gcodeleveling (0.1.0), gcodeleveling (0.1.1)
2021-09-24 15:19:35,678 - octoprint.plugin.core - INFO - Loading plugins from /usr/local/lib/python3.8/site-packages/octoprint/plugins, /octoprint/octoprint/plugins and installed plugin packages...
2021-09-24 15:19:36,231 - octoprint.plugin.core - INFO - Plugin Pi Support Plugin (2021.3.26.post2) did not pass check, not loading.
2021-09-24 15:19:36,276 - octoprint.plugin.core - INFO - Found 19 plugin(s) providing 19 mixin implementations, 35 hook handlers
2021-09-24 15:19:36,331 - octoprint.server.heartbeat - INFO - Starting server heartbeat, 900.0s interval
2021-09-24 15:19:36,340 - octoprint.server - INFO - Intermediary server started
2021-09-24 15:19:36,356 - octoprint.filemanager.storage - INFO - Initializing the file metadata for /octoprint/octoprint/uploads...
2021-09-24 15:19:36,362 - octoprint.filemanager.storage - INFO - ... file metadata for /octoprint/octoprint/uploads initialized successfully.
2021-09-24 15:19:36,366 - octoprint.server - INFO - Added new permission from plugin action_command_notification: PLUGIN_ACTION_COMMAND_NOTIFICATION_SHOW (needs: "Need(method='role', value='plugin_action_command_notification_show')")
2021-09-24 15:19:36,366 - octoprint.server - INFO - Added new permission from plugin action_command_notification: PLUGIN_ACTION_COMMAND_NOTIFICATION_CLEAR (needs: "Need(method='role', value='plugin_action_command_notification_clear')")
2021-09-24 15:19:36,366 - octoprint.server - INFO - Added new permission from plugin action_command_prompt: PLUGIN_ACTION_COMMAND_PROMPT_INTERACT (needs: "Need(method='role', value='plugin_action_command_prompt_interact')")
2021-09-24 15:19:36,366 - octoprint.server - INFO - Added new permission from plugin announcements: PLUGIN_ANNOUNCEMENTS_READ (needs: "Need(method='role', value='plugin_announcements_read')")
2021-09-24 15:19:36,366 - octoprint.server - INFO - Added new permission from plugin announcements: PLUGIN_ANNOUNCEMENTS_MANAGE (needs: "Need(method='role', value='plugin_announcements_manage'), Need(method='role', value='plugin_announcements_read')")
2021-09-24 15:19:36,367 - octoprint.server - INFO - Added new permission from plugin appkeys: PLUGIN_APPKEYS_ADMIN (needs: "Need(method='role', value='plugin_appkeys_admin')")
2021-09-24 15:19:36,367 - octoprint.server - INFO - Added new permission from plugin backup: PLUGIN_BACKUP_ACCESS (needs: "Need(method='role', value='plugin_backup_access')")
2021-09-24 15:19:36,367 - octoprint.server - INFO - Added new permission from plugin firmware_check: PLUGIN_FIRMWARE_CHECK_DISPLAY (needs: "Need(method='role', value='plugin_firmware_check_display')")
2021-09-24 15:19:36,367 - octoprint.server - INFO - Added new permission from plugin logging: PLUGIN_LOGGING_MANAGE (needs: "Need(method='role', value='plugin_logging_manage')")
2021-09-24 15:19:36,367 - octoprint.server - INFO - Added new permission from plugin pluginmanager: PLUGIN_PLUGINMANAGER_MANAGE (needs: "Need(method='role', value='plugin_pluginmanager_manage')")
2021-09-24 15:19:36,367 - octoprint.server - INFO - Added new permission from plugin pluginmanager: PLUGIN_PLUGINMANAGER_INSTALL (needs: "Need(method='role', value='plugin_pluginmanager_manage'), Need(method='role', value='plugin_pluginmanager_install')")
2021-09-24 15:19:36,367 - octoprint.server - INFO - Added new permission from plugin softwareupdate: PLUGIN_SOFTWAREUPDATE_CHECK (needs: "Need(method='role', value='plugin_softwareupdate_check')")
2021-09-24 15:19:36,367 - octoprint.server - INFO - Added new permission from plugin softwareupdate: PLUGIN_SOFTWAREUPDATE_UPDATE (needs: "Need(method='role', value='plugin_softwareupdate_update')")
2021-09-24 15:19:36,367 - octoprint.server - INFO - Added new permission from plugin softwareupdate: PLUGIN_SOFTWAREUPDATE_CONFIGURE (needs: "Need(method='role', value='plugin_softwareupdate_configure')")
2021-09-24 15:19:36,755 - octoprint.util.pip - INFO - Using "/usr/local/bin/python -m pip" as command to invoke pip
2021-09-24 15:19:37,103 - octoprint.util.pip - INFO - Version of pip is 21.1.2
2021-09-24 15:19:37,103 - octoprint.util.pip - INFO - pip installs to /usr/local/lib/python3.8/site-packages (writable -> yes), --user flag needed -> no, virtual env -> no
2021-09-24 15:19:37,103 - octoprint.util.pip - INFO - ==> pip ok -> yes
2021-09-24 15:19:37,125 - octoprint.plugins.softwareupdate - INFO - Loaded version cache from disk
2021-09-24 15:19:37,154 - octoprint.plugin.core - INFO - Initialized 19 plugin implementation(s)
2021-09-24 15:19:37,205 - octoprint.plugin.core - INFO - 19 plugin(s) registered with the system:
|  Action Command Notification Support (bundled) = /usr/local/lib/python3.8/site-packages/octoprint/plugins/action_command_notification
|  Action Command Prompt Support (bundled) = /usr/local/lib/python3.8/site-packages/octoprint/plugins/action_command_prompt
|  Announcement Plugin (bundled) = /usr/local/lib/python3.8/site-packages/octoprint/plugins/announcements
|  Anonymous Usage Tracking (bundled) = /usr/local/lib/python3.8/site-packages/octoprint/plugins/tracking
|  Application Keys Plugin (bundled) = /usr/local/lib/python3.8/site-packages/octoprint/plugins/appkeys
|  Backup & Restore (bundled) = /usr/local/lib/python3.8/site-packages/octoprint/plugins/backup
|  Core Wizard (bundled) = /usr/local/lib/python3.8/site-packages/octoprint/plugins/corewizard
|  Discovery (bundled) = /usr/local/lib/python3.8/site-packages/octoprint/plugins/discovery
|  Error Tracking (bundled) = /usr/local/lib/python3.8/site-packages/octoprint/plugins/errortracking
|  File Check (2021.2.23) (bundled) = /usr/local/lib/python3.8/site-packages/octoprint_file_check
|  Firmware Check (2021.5.31) (bundled) = /usr/local/lib/python3.8/site-packages/octoprint_firmware_check
|  GCode Viewer (bundled) = /usr/local/lib/python3.8/site-packages/octoprint/plugins/gcodeviewer
|  Logging (bundled) = /usr/local/lib/python3.8/site-packages/octoprint/plugins/logging
|  MQTT (0.8.10) = /octoprint/plugins/lib/python3.8/site-packages/octoprint_mqtt
|  MQTT Subscribe (0.1.6) = /octoprint/plugins/lib/python3.8/site-packages/octoprint_mqttsubscribe
|  Plugin Manager (bundled) = /usr/local/lib/python3.8/site-packages/octoprint/plugins/pluginmanager
|  Software Update (bundled) = /usr/local/lib/python3.8/site-packages/octoprint/plugins/softwareupdate
|  Virtual Printer (bundled) = /usr/local/lib/python3.8/site-packages/octoprint/plugins/virtual_printer
|  Virtual Printer Settings (1.5.1) = /octoprint/plugins/lib/python3.8/site-packages/octoprint_virtual_printerconfig
Prefix legend: ! = disabled, # = blacklisted, * = incompatible
2021-09-24 15:19:37,207 - octoprint.environment - INFO - Detected environment is Python 3.8.10 under Linux (linux). Details:
|  hardware:
|    cores: 16
|    freq: 0.0
|    ram: 26851282944
|  os:
|    bits: 64
|    id: linux
|    platform: linux
|  python:
|    pip: 21.1.2
|    version: 3.8.10
2021-09-24 15:19:37,222 - octoprint.server - INFO - Reset webasset folder /octoprint/octoprint/generated/webassets...
2021-09-24 15:19:37,316 - octoprint.server - INFO - Reset webasset folder /octoprint/octoprint/generated/.webassets-cache...
2021-09-24 15:19:37,478 - octoprint.server - INFO - Shutting down intermediary server...
2021-09-24 15:19:37,776 - octoprint.server - INFO - Intermediary server shut down
2021-09-24 15:19:37,777 - octoprint.events - INFO - Processing startup event, this is our first event
2021-09-24 15:19:37,777 - octoprint.events - INFO - Adding 1 events to queue that were held back before startup event
2021-09-24 15:19:37,777 - octoprint.filemanager - INFO - Adding backlog items from all storage types to analysis queue...
2021-09-24 15:19:37,790 - octoprint.plugins.softwareupdate - INFO - Fetching check overlays from https://plugins.octoprint.org/update_check_overlay.json
2021-09-24 15:19:37,813 - octoprint.server.util.watchdog - INFO - Running initial scan on watched folder...
2021-09-24 15:19:37,822 - octoprint.filemanager - INFO - Added 0 items from storage type "local" to analysis queue
2021-09-24 15:19:37,823 - octoprint.server.util.watchdog - INFO - ... initial scan done.
2021-09-24 15:19:37,826 - octoprint.plugins.pluginmanager - INFO - Loaded plugin repository data from disk, was still valid
2021-09-24 15:19:38,080 - octoprint.plugins.pluginmanager - INFO - Loaded notice data from disk, was still valid
2021-09-24 15:19:38,667 - octoprint.plugins.discovery - INFO - Registered 'OctoPrint instance on 8610dfe5a6c9._http._tcp.local.' for _http._tcp.local.
2021-09-24 15:19:38,933 - octoprint.util.pip - INFO - Using "/usr/local/bin/python -m pip" as command to invoke pip
2021-09-24 15:19:38,933 - octoprint.util.pip - INFO - pip installs to /usr/local/lib/python3.8/site-packages (writable -> yes), --user flag needed -> no, virtual env -> no
2021-09-24 15:19:38,933 - octoprint.util.pip - INFO - ==> pip ok -> yes
2021-09-24 15:19:38,958 - octoprint.plugins.softwareupdate - INFO - Saved version cache to disk
2021-09-24 15:19:39,469 - octoprint.plugins.discovery - INFO - Registered 'OctoPrint instance on 8610dfe5a6c9._octoprint._tcp.local.' for _octoprint._tcp.local.
2021-09-24 15:19:39,470 - octoprint.plugins.discovery - INFO - Registered OctoPrint instance on 8610dfe5a6c9 for SSDP
2021-09-24 15:19:39,590 - octoprint.server - INFO - Listening on http://0.0.0.0:5000
2021-09-24 15:19:39,606 - octoprint.plugins.pluginmanager - INFO - Loaded plugin repository data from disk, was still valid
2021-09-24 15:19:39,838 - octoprint.plugins.pluginmanager - INFO - Loaded notice data from disk, was still valid
2021-09-24 15:19:39,931 - octoprint.util.pip - INFO - Using "/usr/local/bin/python -m pip" as command to invoke pip
2021-09-24 15:19:39,931 - octoprint.util.pip - INFO - pip installs to /usr/local/lib/python3.8/site-packages (writable -> yes), --user flag needed -> no, virtual env -> no
2021-09-24 15:19:39,931 - octoprint.util.pip - INFO - ==> pip ok -> yes
2021-09-24 15:19:39,936 - octoprint.plugins.softwareupdate - INFO - Minimum free storage across all update relevant locations is 223.1GB. That is considered sufficient for updating.
2021-09-24 15:19:40,025 - octoprint.server.preemptive_cache - INFO - Preemptively caching / (ui _default) for {'base_url': 'http://localhost/', 'path': '/', 'query_string': 'l10n=en'}
2021-09-24 15:19:40,684 - octoprint.plugins.tracking - INFO - Sent tracking event ping, payload: {'octoprint_uptime': 4, 'printer_state': 'OFFLINE'}
2021-09-24 15:19:41,402 - octoprint.plugins.tracking - INFO - Sent tracking event pong, payload: {'version': '1.6.1', 'os': 'linux', 'bits': 64, 'python': '3.8.10', 'pip': '21.1.2', 'cores': 16, 'freq': 0.0, 'ram': 26851282944, 'plugins': 'virtual_printerconfig:1.5.1,mqttsubscribe:0.1.6,mqtt:0.8.10'}
2021-09-24 15:19:42,122 - octoprint.plugins.tracking - INFO - Sent tracking event startup, payload: {'version': '1.6.1', 'os': 'linux', 'bits': 64, 'python': '3.8.10', 'pip': '21.1.2', 'cores': 16, 'freq': 0.0, 'ram': 26851282944}
2021-09-24 15:19:44,953 - octoprint.server.util.sockjs - INFO - New connection from client: 172.22.0.1
2021-09-24 15:19:44,964 - octoprint.server.util.flask - INFO - Passively logging in user admin from 172.22.0.1
2021-09-24 15:19:44,964 - octoprint.access.users - INFO - Logged in user: admin
2021-09-24 15:19:44,979 - octoprint.server.util.sockjs - INFO - User admin logged in on the socket from client 172.22.0.1
2021-09-24 15:19:45,458 - octoprint.server.preemptive_cache - INFO - ... done in 5.43s
2021-09-24 15:19:50,286 - octoprint.server.util.sockjs - INFO - Client connection closed: 172.22.0.1
2021-09-24 15:19:50,299 - octoprint.server.util.sockjs - INFO - New connection from client: 172.22.0.1
2021-09-24 15:19:50,305 - octoprint.server.util.flask - INFO - Passively logging in user admin from 172.22.0.1
2021-09-24 15:19:50,306 - octoprint.access.users - INFO - Logged in user: admin
2021-09-24 15:19:50,312 - octoprint.server.util.sockjs - INFO - User admin logged in on the socket from client 172.22.0.1
2021-09-24 15:20:38,384 - octoprint.server.util.flask - INFO - Passively logging in user admin from 172.22.0.1
2021-09-24 15:20:38,384 - octoprint.access.users - INFO - Logged in user: admin
2021-09-24 15:20:38,487 - octoprint.server.util.sockjs - INFO - Client connection closed: 172.22.0.1
2021-09-24 15:20:38,877 - octoprint.server.util.sockjs - INFO - New connection from client: 172.22.0.1
2021-09-24 15:20:39,048 - octoprint.server.util.flask - INFO - Passively logging in user admin from 172.22.0.1
2021-09-24 15:20:39,048 - octoprint.access.users - INFO - Logged in user: admin
2021-09-24 15:20:39,525 - octoprint.server.util.sockjs - INFO - User admin logged in on the socket from client 172.22.0.1
2021-09-24 15:22:15,065 - octoprint.util.comm - INFO - Changing monitoring state from "Offline" to "Detecting serial connection"
2021-09-24 15:22:15,065 - octoprint.util.comm - INFO - Serial detection: Performing autodetection with 7 port/baudrate candidates: VIRTUAL@115200, VIRTUAL@250000, VIRTUAL@230400, VIRTUAL@57600, VIRTUAL@38400, VIRTUAL@19200, VIRTUAL@9600
2021-09-24 15:22:15,065 - octoprint.util.comm - INFO - Serial detection: Trying port VIRTUAL, baudrate 115200
2021-09-24 15:22:15,105 - octoprint.util.comm - INFO - Serial detection: Handshake attempt #1 with timeout 2.0s
2021-09-24 15:22:15,106 - octoprint.util.comm - INFO - M110 detected, setting current line number to 0
2021-09-24 15:22:15,107 - octoprint.util.comm - INFO - Changing monitoring state from "Detecting serial connection" to "Operational"
2021-09-24 15:22:15,111 - octoprint.util.comm - INFO - M110 detected, setting current line number to 0
2021-09-24 15:22:15,119 - octoprint.util.comm - INFO - Printer reports firmware name "Virtual Marlin 1.0"
2021-09-24 15:22:15,124 - octoprint.util.comm - INFO - Firmware states that it supports temperature autoreporting
2021-09-24 15:22:15,125 - octoprint.util.comm - INFO - Firmware states that it supports sd status autoreporting
2021-09-24 15:22:15,136 - octoprint.util.comm - INFO - Firmware states that it supports emergency GCODEs to be sent without waiting for an acknowledgement first
2021-09-24 15:22:15,862 - octoprint.plugins.tracking - INFO - Sent tracking event printer_connected, payload: {'firmware_name': 'Virtual Marlin 1.0', 'printer_port': 'VIRTUAL', 'printer_baudrate': 0}
2021-09-24 15:23:08,910 - octoprint.server.util.sockjs - INFO - Client connection closed: 172.22.0.1
2021-09-24 15:25:17,045 - octoprint.server.util.flask - INFO - Passively logging in user admin from 172.22.0.1
2021-09-24 15:25:17,045 - octoprint.access.users - INFO - Logged in user: admin
2021-09-24 15:25:17,590 - octoprint.server.util.sockjs - INFO - New connection from client: 172.22.0.1
2021-09-24 15:25:17,662 - octoprint.server.util.flask - INFO - Passively logging in user admin from 172.22.0.1
2021-09-24 15:25:17,662 - octoprint.access.users - INFO - Logged in user: admin
2021-09-24 15:25:18,161 - octoprint.server.util.sockjs - INFO - User admin logged in on the socket from client 172.22.0.1
2021-09-24 15:25:25,520 - octoprint.server.util.sockjs - INFO - User admin logged out, logging out on socket
2021-09-24 15:25:25,520 - octoprint.access.users - INFO - Logged out user: admin
2021-09-24 15:25:25,773 - octoprint.server.util.sockjs - INFO - Client connection closed: 172.22.0.1
2021-09-24 15:25:25,980 - octoprint.server.util.sockjs - INFO - New connection from client: 172.22.0.1
2021-09-24 15:25:32,943 - octoprint.access.users - INFO - Logged in user: admin
2021-09-24 15:25:32,944 - octoprint.server.api - INFO - Actively logging in user admin from 172.22.0.1
2021-09-24 15:25:32,965 - octoprint.server.util.flask - INFO - Passively logging in user admin from 172.22.0.1
2021-09-24 15:25:32,965 - octoprint.access.users - INFO - Logged in user: admin
2021-09-24 15:25:33,040 - octoprint.server.util.sockjs - INFO - Client connection closed: 172.22.0.1
2021-09-24 15:25:33,345 - octoprint.server.util.sockjs - INFO - New connection from client: 172.22.0.1
2021-09-24 15:25:33,398 - octoprint.server.util.flask - INFO - Passively logging in user admin from 172.22.0.1
2021-09-24 15:25:33,398 - octoprint.access.users - INFO - Logged in user: admin
2021-09-24 15:25:33,927 - octoprint.server.util.sockjs - INFO - User admin logged in on the socket from client 172.22.0.1
2021-10-15 17:34:08,648 - octoprint.startup - INFO - ******************************************************************************
2021-10-15 17:34:08,651 - octoprint.startup - INFO - Starting OctoPrint 1.6.1
2021-10-15 17:34:08,653 - octoprint.startup - INFO - ******************************************************************************
2021-10-15 17:34:09,577 - octoprint.util.connectivity.connectivity_checker - INFO - Connectivity changed from offline to online
2021-10-15 17:34:09,727 - octoprint.util.connectivity.connectivity_checker - INFO - Connectivity state is currently: online
2021-10-15 17:34:09,727 - octoprint.util.connectivity.connectivity_checker - INFO - Connecting to 1.1.1.1:53 is working
2021-10-15 17:34:09,727 - octoprint.util.connectivity.connectivity_checker - INFO - Resolving octoprint.org is working
2021-10-15 17:34:10,342 - octoprint.startup - INFO - Blacklist processing done, adding 12 blacklisted plugin versions: roomtemp (any), GcodeEditor (0.1.1), GcodeEditor (0.2.0), GcodeEditor (0.2.1), GcodeEditor (0.2.2), GcodeEditor (0.2.3), GcodeEditor (0.2.4), GcodeEditor (0.2.5), GcodeEditor (0.2.6), GcodeEditor (0.2.8), gcodeleveling (0.1.0), gcodeleveling (0.1.1)
2021-10-15 17:34:10,362 - octoprint.plugin.core - INFO - Loading plugins from /usr/local/lib/python3.8/site-packages/octoprint/plugins, /octoprint/octoprint/plugins and installed plugin packages...
2021-10-15 17:34:10,980 - octoprint.plugin.core - INFO - Plugin Pi Support Plugin (2021.3.26.post2) did not pass check, not loading.
2021-10-15 17:34:11,057 - octoprint.plugin.core - INFO - Found 19 plugin(s) providing 19 mixin implementations, 35 hook handlers
2021-10-15 17:34:11,142 - octoprint.server.heartbeat - INFO - Starting server heartbeat, 900.0s interval
2021-10-15 17:34:11,151 - octoprint.server - INFO - Intermediary server started
2021-10-15 17:34:11,169 - octoprint.filemanager.storage - INFO - Initializing the file metadata for /octoprint/octoprint/uploads...
2021-10-15 17:34:11,178 - octoprint.filemanager.storage - INFO - ... file metadata for /octoprint/octoprint/uploads initialized successfully.
2021-10-15 17:34:11,181 - octoprint.server - INFO - Added new permission from plugin action_command_notification: PLUGIN_ACTION_COMMAND_NOTIFICATION_SHOW (needs: "Need(method='role', value='plugin_action_command_notification_show')")
2021-10-15 17:34:11,182 - octoprint.server - INFO - Added new permission from plugin action_command_notification: PLUGIN_ACTION_COMMAND_NOTIFICATION_CLEAR (needs: "Need(method='role', value='plugin_action_command_notification_clear')")
2021-10-15 17:34:11,182 - octoprint.server - INFO - Added new permission from plugin action_command_prompt: PLUGIN_ACTION_COMMAND_PROMPT_INTERACT (needs: "Need(method='role', value='plugin_action_command_prompt_interact')")
2021-10-15 17:34:11,182 - octoprint.server - INFO - Added new permission from plugin announcements: PLUGIN_ANNOUNCEMENTS_READ (needs: "Need(method='role', value='plugin_announcements_read')")
2021-10-15 17:34:11,182 - octoprint.server - INFO - Added new permission from plugin announcements: PLUGIN_ANNOUNCEMENTS_MANAGE (needs: "Need(method='role', value='plugin_announcements_manage'), Need(method='role', value='plugin_announcements_read')")
2021-10-15 17:34:11,183 - octoprint.server - INFO - Added new permission from plugin appkeys: PLUGIN_APPKEYS_ADMIN (needs: "Need(method='role', value='plugin_appkeys_admin')")
2021-10-15 17:34:11,183 - octoprint.server - INFO - Added new permission from plugin backup: PLUGIN_BACKUP_ACCESS (needs: "Need(method='role', value='plugin_backup_access')")
2021-10-15 17:34:11,183 - octoprint.server - INFO - Added new permission from plugin firmware_check: PLUGIN_FIRMWARE_CHECK_DISPLAY (needs: "Need(method='role', value='plugin_firmware_check_display')")
2021-10-15 17:34:11,183 - octoprint.server - INFO - Added new permission from plugin logging: PLUGIN_LOGGING_MANAGE (needs: "Need(method='role', value='plugin_logging_manage')")
2021-10-15 17:34:11,183 - octoprint.server - INFO - Added new permission from plugin pluginmanager: PLUGIN_PLUGINMANAGER_MANAGE (needs: "Need(method='role', value='plugin_pluginmanager_manage')")
2021-10-15 17:34:11,184 - octoprint.server - INFO - Added new permission from plugin pluginmanager: PLUGIN_PLUGINMANAGER_INSTALL (needs: "Need(method='role', value='plugin_pluginmanager_manage'), Need(method='role', value='plugin_pluginmanager_install')")
2021-10-15 17:34:11,184 - octoprint.server - INFO - Added new permission from plugin softwareupdate: PLUGIN_SOFTWAREUPDATE_CHECK (needs: "Need(method='role', value='plugin_softwareupdate_check')")
2021-10-15 17:34:11,184 - octoprint.server - INFO - Added new permission from plugin softwareupdate: PLUGIN_SOFTWAREUPDATE_UPDATE (needs: "Need(method='role', value='plugin_softwareupdate_update')")
2021-10-15 17:34:11,184 - octoprint.server - INFO - Added new permission from plugin softwareupdate: PLUGIN_SOFTWAREUPDATE_CONFIGURE (needs: "Need(method='role', value='plugin_softwareupdate_configure')")
2021-10-15 17:34:11,566 - octoprint.util.pip - INFO - Using "/usr/local/bin/python -m pip" as command to invoke pip
2021-10-15 17:34:11,842 - octoprint.util.pip - INFO - Version of pip is 21.1.2
2021-10-15 17:34:11,842 - octoprint.util.pip - INFO - pip installs to /usr/local/lib/python3.8/site-packages (writable -> yes), --user flag needed -> no, virtual env -> no
2021-10-15 17:34:11,843 - octoprint.util.pip - INFO - ==> pip ok -> yes
2021-10-15 17:34:11,900 - octoprint.plugins.softwareupdate - INFO - Loaded version cache from disk
2021-10-15 17:34:11,914 - octoprint.plugin.core - INFO - Initialized 19 plugin implementation(s)
2021-10-15 17:34:11,918 - octoprint.plugin.core - INFO - 19 plugin(s) registered with the system:
|  Action Command Notification Support (bundled) = /usr/local/lib/python3.8/site-packages/octoprint/plugins/action_command_notification
|  Action Command Prompt Support (bundled) = /usr/local/lib/python3.8/site-packages/octoprint/plugins/action_command_prompt
|  Announcement Plugin (bundled) = /usr/local/lib/python3.8/site-packages/octoprint/plugins/announcements
|  Anonymous Usage Tracking (bundled) = /usr/local/lib/python3.8/site-packages/octoprint/plugins/tracking
|  Application Keys Plugin (bundled) = /usr/local/lib/python3.8/site-packages/octoprint/plugins/appkeys
|  Backup & Restore (bundled) = /usr/local/lib/python3.8/site-packages/octoprint/plugins/backup
|  Core Wizard (bundled) = /usr/local/lib/python3.8/site-packages/octoprint/plugins/corewizard
|  Discovery (bundled) = /usr/local/lib/python3.8/site-packages/octoprint/plugins/discovery
|  Error Tracking (bundled) = /usr/local/lib/python3.8/site-packages/octoprint/plugins/errortracking
|  File Check (2021.2.23) (bundled) = /usr/local/lib/python3.8/site-packages/octoprint_file_check
|  Firmware Check (2021.5.31) (bundled) = /usr/local/lib/python3.8/site-packages/octoprint_firmware_check
|  GCode Viewer (bundled) = /usr/local/lib/python3.8/site-packages/octoprint/plugins/gcodeviewer
|  Logging (bundled) = /usr/local/lib/python3.8/site-packages/octoprint/plugins/logging
|  MQTT (0.8.10) = /octoprint/plugins/lib/python3.8/site-packages/octoprint_mqtt
|  MQTT Subscribe (0.1.6) = /octoprint/plugins/lib/python3.8/site-packages/octoprint_mqttsubscribe
|  Plugin Manager (bundled) = /usr/local/lib/python3.8/site-packages/octoprint/plugins/pluginmanager
|  Software Update (bundled) = /usr/local/lib/python3.8/site-packages/octoprint/plugins/softwareupdate
|  Virtual Printer (bundled) = /usr/local/lib/python3.8/site-packages/octoprint/plugins/virtual_printer
|  Virtual Printer Settings (1.5.1) = /octoprint/plugins/lib/python3.8/site-packages/octoprint_virtual_printerconfig
Prefix legend: ! = disabled, # = blacklisted, * = incompatible
2021-10-15 17:34:11,923 - octoprint.environment - INFO - Detected environment is Python 3.8.10 under Linux (linux). Details:
|  hardware:
|    cores: 6
|    freq: 0.0
|    ram: 6232674304
|  os:
|    bits: 64
|    id: linux
|    platform: linux
|  python:
|    pip: 21.1.2
|    version: 3.8.10
2021-10-15 17:34:11,968 - octoprint.server - INFO - Reset webasset folder /octoprint/octoprint/generated/webassets...
2021-10-15 17:34:12,383 - octoprint.server - INFO - Reset webasset folder /octoprint/octoprint/generated/.webassets-cache...
2021-10-15 17:34:12,581 - octoprint.server - INFO - Shutting down intermediary server...
2021-10-15 17:34:12,653 - octoprint.server - INFO - Intermediary server shut down
2021-10-15 17:34:12,654 - octoprint.events - INFO - Processing startup event, this is our first event
2021-10-15 17:34:12,655 - octoprint.events - INFO - Adding 1 events to queue that were held back before startup event
2021-10-15 17:34:12,656 - octoprint.filemanager - INFO - Adding backlog items from all storage types to analysis queue...
2021-10-15 17:34:12,658 - octoprint.server - INFO - Autoconnect on startup is configured, trying to connect to the printer...
2021-10-15 17:34:12,682 - octoprint.filemanager - INFO - Added 0 items from storage type "local" to analysis queue
2021-10-15 17:34:12,683 - octoprint.plugins.softwareupdate - INFO - Fetching check overlays from https://plugins.octoprint.org/update_check_overlay.json
2021-10-15 17:34:12,703 - octoprint.server - INFO - Trying to connect to configured serial port VIRTUAL
2021-10-15 17:34:12,732 - octoprint.plugins.pluginmanager - INFO - Loaded plugin repository data from disk, was still valid
2021-10-15 17:34:12,787 - octoprint.util.comm - INFO - Changing monitoring state from "Offline" to "Detecting serial connection"
2021-10-15 17:34:12,790 - octoprint.util.comm - INFO - Serial detection: Performing autodetection with 7 port/baudrate candidates: VIRTUAL@115200, VIRTUAL@250000, VIRTUAL@230400, VIRTUAL@57600, VIRTUAL@38400, VIRTUAL@19200, VIRTUAL@9600
2021-10-15 17:34:12,790 - octoprint.util.comm - INFO - Serial detection: Trying port VIRTUAL, baudrate 115200
2021-10-15 17:34:12,871 - octoprint.server.util.watchdog - INFO - Running initial scan on watched folder...
2021-10-15 17:34:12,894 - octoprint.server.util.watchdog - INFO - ... initial scan done.
2021-10-15 17:34:13,058 - octoprint.util.comm - INFO - Serial detection: Handshake attempt #1 with timeout 2.0s
2021-10-15 17:34:13,079 - octoprint.util.comm - INFO - M110 detected, setting current line number to 0
2021-10-15 17:34:13,112 - octoprint.util.comm - INFO - Changing monitoring state from "Detecting serial connection" to "Operational"
2021-10-15 17:34:13,141 - octoprint.util.comm - INFO - M110 detected, setting current line number to 0
2021-10-15 17:34:13,233 - octoprint.util.comm - INFO - Printer reports firmware name "Virtual Marlin 1.0"
2021-10-15 17:34:13,241 - octoprint.util.comm - INFO - Firmware states that it supports temperature autoreporting
2021-10-15 17:34:13,249 - octoprint.util.comm - INFO - Firmware states that it supports sd status autoreporting
2021-10-15 17:34:13,260 - octoprint.util.comm - INFO - Firmware states that it supports emergency GCODEs to be sent without waiting for an acknowledgement first
2021-10-15 17:34:13,322 - octoprint.plugins.pluginmanager - INFO - Loaded notice data from disk, was still valid
2021-10-15 17:34:13,759 - octoprint.plugins.discovery - INFO - Registered 'OctoPrint instance on e0657c317044._http._tcp.local.' for _http._tcp.local.
2021-10-15 17:34:13,850 - octoprint.util.pip - INFO - Using "/usr/local/bin/python -m pip" as command to invoke pip
2021-10-15 17:34:13,851 - octoprint.util.pip - INFO - pip installs to /usr/local/lib/python3.8/site-packages (writable -> yes), --user flag needed -> no, virtual env -> no
2021-10-15 17:34:13,851 - octoprint.util.pip - INFO - ==> pip ok -> yes
2021-10-15 17:34:13,886 - octoprint.plugins.tracking - INFO - Sent tracking event printer_connected, payload: {'firmware_name': 'Virtual Marlin 1.0', 'printer_port': 'VIRTUAL', 'printer_baudrate': 0}
2021-10-15 17:34:14,187 - octoprint.plugins.softwareupdate - INFO - Saved version cache to disk
2021-10-15 17:34:14,564 - octoprint.plugins.discovery - INFO - Registered 'OctoPrint instance on e0657c317044._octoprint._tcp.local.' for _octoprint._tcp.local.
2021-10-15 17:34:14,565 - octoprint.plugins.discovery - INFO - Registered OctoPrint instance on e0657c317044 for SSDP
2021-10-15 17:34:14,760 - octoprint.server - INFO - Listening on http://0.0.0.0:5000
2021-10-15 17:34:14,768 - octoprint.plugins.mqtt - INFO - Connected to mqtt broker
2021-10-15 17:34:14,811 - octoprint.plugins.pluginmanager - INFO - Loaded plugin repository data from disk, was still valid
2021-10-15 17:34:15,132 - octoprint.util.pip - INFO - Using "/usr/local/bin/python -m pip" as command to invoke pip
2021-10-15 17:34:15,133 - octoprint.util.pip - INFO - pip installs to /usr/local/lib/python3.8/site-packages (writable -> yes), --user flag needed -> no, virtual env -> no
2021-10-15 17:34:15,133 - octoprint.util.pip - INFO - ==> pip ok -> yes
2021-10-15 17:34:15,180 - octoprint.plugins.softwareupdate - INFO - Minimum free storage across all update relevant locations is 43.9GB. That is considered sufficient for updating.
2021-10-15 17:34:15,183 - octoprint.plugins.pluginmanager - INFO - Loaded notice data from disk, was still valid
2021-10-15 17:34:15,690 - octoprint.plugins.tracking - INFO - Sent tracking event ping, payload: {'octoprint_uptime': 4, 'printer_state': 'OPERATIONAL'}
2021-10-15 17:34:16,156 - octoprint.plugins.tracking - INFO - Sent tracking event pong, payload: {'version': '1.6.1', 'os': 'linux', 'bits': 64, 'python': '3.8.10', 'pip': '21.1.2', 'cores': 6, 'freq': 0.0, 'ram': 6232674304, 'plugins': 'virtual_printerconfig:1.5.1,mqttsubscribe:0.1.6,mqtt:0.8.10'}
2021-10-15 17:34:16,834 - octoprint.plugins.tracking - INFO - Sent tracking event startup, payload: {'version': '1.6.1', 'os': 'linux', 'bits': 64, 'python': '3.8.10', 'pip': '21.1.2', 'cores': 6, 'freq': 0.0, 'ram': 6232674304}
2021-10-15 17:37:01,363 - octoprint.server.util.sockjs - INFO - New connection from client: 172.20.0.1
2021-10-15 17:37:11,580 - octoprint.server.util.sockjs - INFO - Client connection closed: 172.20.0.1
2021-10-15 17:42:45,549 - octoprint.server - INFO - Shutting down...
2021-10-15 17:42:45,684 - octoprint.plugins.mqtt - ERROR - Disconnected from mqtt broker for unknown reasons (network error?), rc = 1
2021-10-15 17:42:46,385 - octoprint.server - INFO - Calling on_shutdown on plugins
2021-10-15 17:42:46,386 - octoprint.events - INFO - Processing shutdown event, this will be our last event
2021-10-15 17:42:46,387 - octoprint.events - INFO - Event loop shut down
2021-10-15 17:42:47,352 - octoprint.plugins.tracking - INFO - Sent tracking event shutdown, payload: {}
